<?xml version="1.0" encoding="UTF-8"?>
<!-- Generated by org.testng.reporters.JUnitXMLReporter -->
<testsuite ignored="0" hostname="Shital" failures="0" tests="3" name="CartTest" time="15.497" errors="0" timestamp="2024-12-03T12:19:48 IST">
  <testcase classname="com.SwagLab.Testcases.CartTest" name="validateProductRemove" time="0.109"/>
  <testcase classname="com.SwagLab.Testcases.CartTest" name="validateContinueShopping" time="4.609"/>
  <testcase classname="com.SwagLab.Testcases.CartTest" name="validateLaunchingOfCheckOutPage" time="0.355"/>
</testsuite> <!-- CartTest -->
