<?xml version="1.0" encoding="UTF-8"?>
<!-- Generated by org.testng.reporters.JUnitXMLReporter -->
<testsuite ignored="0" hostname="Shital" failures="0" tests="3" name="CheckoutoverviewTest" time="17.14" errors="0" timestamp="2024-12-03T12:20:18 IST">
  <testcase classname="com.SwagLab.Testcases.CheckoutoverviewTest" name="Validateprodquantity" time="0.027"/>
  <testcase classname="com.SwagLab.Testcases.CheckoutoverviewTest" name="Validategetpayinfo" time="0.027"/>
  <testcase classname="com.SwagLab.Testcases.CheckoutoverviewTest" name="validatelaunchfinishpage" time="0.286"/>
</testsuite> <!-- CheckoutoverviewTest -->
