<?xml version="1.0" encoding="UTF-8"?>
<!-- Generated by org.testng.reporters.JUnitXMLReporter -->
<testsuite ignored="0" hostname="Shital" failures="0" tests="3" name="InventoryTest" time="3.745" errors="0" timestamp="2024-12-03T12:19:32 IST">
  <testcase classname="com.SwagLab.Testcases.InventoryTest" name="validateTotalProduct" time="0.04"/>
  <testcase classname="com.SwagLab.Testcases.InventoryTest" name="validateAddTocartFeature" time="0.488"/>
  <testcase classname="com.SwagLab.Testcases.InventoryTest" name="validateLaunchingOfCartPage" time="0.205"/>
</testsuite> <!-- InventoryTest -->
