<?xml version="1.0" encoding="UTF-8"?>
<!-- Generated by org.testng.reporters.JUnitXMLReporter -->
<testsuite ignored="0" hostname="Shital" failures="0" tests="3" name="LoginTest" time="4.811" errors="0" timestamp="2024-12-03T12:19:29 IST">
  <testcase classname="com.SwagLab.Testcases.LoginTest" name="validateurl" time="0.03"/>
  <testcase classname="com.SwagLab.Testcases.LoginTest" name="validateTilte" time="0.032"/>
  <testcase classname="com.SwagLab.Testcases.LoginTest" name="validateLogin" time="1.194"/>
</testsuite> <!-- LoginTest -->
