<?xml version="1.0" encoding="UTF-8"?>
<testsuite xmlns:xsi="http://www.w3.org/2001/XMLSchema-instance" xsi:noNamespaceSchemaLocation="https://maven.apache.org/surefire/maven-surefire-plugin/xsd/surefire-test-report.xsd" version="3.0.2" name="TestSuite" time="72.18" tests="14" errors="0" skipped="0" failures="0">
  <properties>
[...]
</properties>
  <testcase name="validateurl" classname="com.SwagLab.Testcases.LoginTest" time="0.033">
    <system-out><![CDATA[Test Passed..Url Matched
]]></system-out>
    <system-err><![CDATA[SLF4J: Failed to load class "org.slf4j.impl.StaticLoggerBinder".
SLF4J: Defaulting to no-operation (NOP) logger implementation
SLF4J: See http://www.slf4j.org/codes.html#StaticLoggerBinder for further details.
Dec 03, 2024 12:19:26 PM org.openqa.selenium.devtools.CdpVersionFinder findNearestMatch
WARNING: Unable to find an exact match for CDP version 131, returning the closest version; found: 130; Please update to a Selenium version that supports CDP version 131
]]></system-err>
  </testcase>
  <testcase name="validateTilte" classname="com.SwagLab.Testcases.LoginTest" time="0.044">
    <system-out><![CDATA[Test Passed...Title matched
]]></system-out>
  </testcase>
  <testcase name="validateLogin" classname="com.SwagLab.Testcases.LoginTest" time="1.184">
    <system-out><![CDATA[Test Passed..Login Successful
]]></system-out>
  </testcase>
  <testcase name="validateTotalProduct" classname="com.SwagLab.Testcases.InventoryTest" time="0.043">
    <system-out><![CDATA[Test Passed ..Total count match
]]></system-out>
    <system-err><![CDATA[Dec 03, 2024 12:19:30 PM org.openqa.selenium.devtools.CdpVersionFinder findNearestMatch
WARNING: Unable to find an exact match for CDP version 131, returning the closest version; found: 130; Please update to a Selenium version that supports CDP version 131
]]></system-err>
  </testcase>
  <testcase name="validateAddTocartFeature" classname="com.SwagLab.Testcases.InventoryTest" time="0.487">
    <system-out><![CDATA[Product added to cart: Sauce Labs Fleece Jacket
]]></system-out>
  </testcase>
  <testcase name="validateLaunchingOfCartPage" classname="com.SwagLab.Testcases.InventoryTest" time="0.203"/>
  <testcase name="validateProductRemove" classname="com.SwagLab.Testcases.CartTest" time="0.111">
    <system-out><![CDATA[Product added to cart: Sauce Labs Fleece Jacket
Product to be remove: Sauce Labs Backpack
Product removed: Sauce Labs Backpack
]]></system-out>
    <system-err><![CDATA[Dec 03, 2024 12:19:34 PM org.openqa.selenium.devtools.CdpVersionFinder findNearestMatch
WARNING: Unable to find an exact match for CDP version 131, returning the closest version; found: 130; Please update to a Selenium version that supports CDP version 131
]]></system-err>
  </testcase>
  <testcase name="validateContinueShopping" classname="com.SwagLab.Testcases.CartTest" time="4.602">
    <system-out><![CDATA[Product added to cart: Sauce Labs Bolt T-Shirt
]]></system-out>
  </testcase>
  <testcase name="validateLaunchingOfCheckOutPage" classname="com.SwagLab.Testcases.CartTest" time="0.356"/>
  <testcase name="validatefilldata" classname="com.SwagLab.Testcases.CheckoutTest" time="0.437">
    <system-out><![CDATA[Product added to cart: Sauce Labs Fleece Jacket
Data filled Successfully...
]]></system-out>
    <system-err><![CDATA[Dec 03, 2024 12:19:49 PM org.openqa.selenium.devtools.CdpVersionFinder findNearestMatch
WARNING: Unable to find an exact match for CDP version 131, returning the closest version; found: 130; Please update to a Selenium version that supports CDP version 131
]]></system-err>
  </testcase>
  <testcase name="Validateprodquantity" classname="com.SwagLab.Testcases.CheckoutoverviewTest" time="0.027">
    <system-out><![CDATA[Product added to cart: Sauce Labs Fleece Jacket
Test Passed...1  and  1   is matching
]]></system-out>
    <system-err><![CDATA[Dec 03, 2024 12:20:02 PM org.openqa.selenium.devtools.CdpVersionFinder findNearestMatch
WARNING: Unable to find an exact match for CDP version 131, returning the closest version; found: 130; Please update to a Selenium version that supports CDP version 131
]]></system-err>
  </testcase>
  <testcase name="Validategetpayinfo" classname="com.SwagLab.Testcases.CheckoutoverviewTest" time="0.031">
    <system-out><![CDATA[SauceCard #31337
SauceCard
Test Passed...
]]></system-out>
  </testcase>
  <testcase name="validatelaunchfinishpage" classname="com.SwagLab.Testcases.CheckoutoverviewTest" time="0.283"/>
  <testcase name="validateFinishpage" classname="com.SwagLab.Testcases.FinishTest" time="0.041">
    <system-out><![CDATA[Product added to cart: Sauce Labs Fleece Jacket
THANK YOU FOR YOUR ORDER
THANK YOU FOR YOUR ORDER
Last test Passed....
]]></system-out>
    <system-err><![CDATA[Dec 03, 2024 12:20:20 PM org.openqa.selenium.devtools.CdpVersionFinder findNearestMatch
WARNING: Unable to find an exact match for CDP version 131, returning the closest version; found: 130; Please update to a Selenium version that supports CDP version 131
]]></system-err>
  </testcase>
</testsuite>