<?xml version="1.0" encoding="UTF-8"?>
<testng-results ignored="0" total="1" passed="1" failed="0" skipped="0">
  <reporter-output>
  </reporter-output>
  <suite started-at="2024-12-02T18:48:00 IST" name="Default suite" finished-at="2024-12-02T18:48:49 IST" duration-ms="48863">
    <groups>
    </groups>
    <test started-at="2024-12-02T18:48:00 IST" name="Default test" finished-at="2024-12-02T18:48:49 IST" duration-ms="48863">
      <class name="com.SwagLab.Testcases.FinishTest">
        <test-method is-config="true" signature="setUp()[pri:0, instance:com.SwagLab.Testcases.FinishTest@557caf28]" started-at="2024-12-02T18:48:00 IST" name="setUp" finished-at="2024-12-02T18:48:10 IST" duration-ms="10054" status="PASS">
          <reporter-output>
          </reporter-output>
        </test-method> <!-- setUp -->
        <test-method is-config="true" signature="pageSetup()[pri:0, instance:com.SwagLab.Testcases.FinishTest@557caf28]" started-at="2024-12-02T18:48:10 IST" name="pageSetup" finished-at="2024-12-02T18:48:49 IST" duration-ms="38577" status="PASS">
          <reporter-output>
          </reporter-output>
        </test-method> <!-- pageSetup -->
        <test-method signature="validateFinishpage()[pri:0, instance:com.SwagLab.Testcases.FinishTest@557caf28]" started-at="2024-12-02T18:48:49 IST" name="validateFinishpage" finished-at="2024-12-02T18:48:49 IST" duration-ms="91" status="PASS">
          <reporter-output>
          </reporter-output>
        </test-method> <!-- validateFinishpage -->
      </class> <!-- com.SwagLab.Testcases.FinishTest -->
    </test> <!-- Default test -->
  </suite> <!-- Default suite -->
</testng-results>
